{"/Users/matiasverges/projects/non-sequential-similarity/src/non-sequential-similarity.js": {"path":"/Users/matiasverges/projects/non-sequential-similarity/src/non-sequential-similarity.js","statementMap":{"0":{"start":{"line":1,"column":20},"end":{"line":1,"column":65}},"1":{"start":{"line":1,"column":32},"end":{"line":1,"column":65}},"2":{"start":{"line":2,"column":15},"end":{"line":2,"column":44}},"3":{"start":{"line":2,"column":27},"end":{"line":2,"column":44}},"4":{"start":{"line":3,"column":18},"end":{"line":3,"column":73}},"5":{"start":{"line":3,"column":30},"end":{"line":3,"column":73}},"6":{"start":{"line":5,"column":27},"end":{"line":5,"column":64}},"7":{"start":{"line":5,"column":37},"end":{"line":5,"column":64}},"8":{"start":{"line":7,"column":24},"end":{"line":7,"column":51}},"9":{"start":{"line":7,"column":34},"end":{"line":7,"column":51}},"10":{"start":{"line":9,"column":35},"end":{"line":15,"column":8}},"11":{"start":{"line":10,"column":2},"end":{"line":15,"column":8}},"12":{"start":{"line":11,"column":14},"end":{"line":11,"column":37}},"13":{"start":{"line":12,"column":4},"end":{"line":12,"column":55}},"14":{"start":{"line":13,"column":4},"end":{"line":13,"column":31}},"15":{"start":{"line":14,"column":4},"end":{"line":14,"column":28}},"16":{"start":{"line":17,"column":26},"end":{"line":21,"column":3}},"17":{"start":{"line":18,"column":2},"end":{"line":21,"column":3}},"18":{"start":{"line":19,"column":20},"end":{"line":19,"column":50}},"19":{"start":{"line":23,"column":20},"end":{"line":24,"column":48}},"20":{"start":{"line":24,"column":2},"end":{"line":24,"column":48}},"21":{"start":{"line":26,"column":26},"end":{"line":27,"column":49}},"22":{"start":{"line":27,"column":2},"end":{"line":27,"column":49}},"23":{"start":{"line":29,"column":41},"end":{"line":44,"column":10}},"24":{"start":{"line":30,"column":2},"end":{"line":44,"column":10}},"25":{"start":{"line":32,"column":6},"end":{"line":41,"column":7}},"26":{"start":{"line":33,"column":8},"end":{"line":36,"column":10}},"27":{"start":{"line":38,"column":8},"end":{"line":40,"column":32}},"28":{"start":{"line":43,"column":6},"end":{"line":43,"column":24}},"29":{"start":{"line":46,"column":22},"end":{"line":52,"column":1}},"30":{"start":{"line":47,"column":13},"end":{"line":47,"column":30}},"31":{"start":{"line":48,"column":2},"end":{"line":51,"column":4}},"32":{"start":{"line":49,"column":20},"end":{"line":49,"column":38}},"33":{"start":{"line":54,"column":23},"end":{"line":61,"column":1}},"34":{"start":{"line":55,"column":14},"end":{"line":55,"column":69}},"35":{"start":{"line":56,"column":14},"end":{"line":56,"column":69}},"36":{"start":{"line":58,"column":24},"end":{"line":58,"column":70}},"37":{"start":{"line":60,"column":2},"end":{"line":60,"column":78}},"38":{"start":{"line":63,"column":0},"end":{"line":78,"column":2}}},"fnMap":{"0":{"name":"(anonymous_0)","decl":{"start":{"line":1,"column":20},"end":{"line":1,"column":21}},"loc":{"start":{"line":1,"column":32},"end":{"line":1,"column":65}},"line":1},"1":{"name":"(anonymous_1)","decl":{"start":{"line":2,"column":15},"end":{"line":2,"column":16}},"loc":{"start":{"line":2,"column":27},"end":{"line":2,"column":44}},"line":2},"2":{"name":"(anonymous_2)","decl":{"start":{"line":3,"column":18},"end":{"line":3,"column":19}},"loc":{"start":{"line":3,"column":30},"end":{"line":3,"column":73}},"line":3},"3":{"name":"(anonymous_3)","decl":{"start":{"line":5,"column":27},"end":{"line":5,"column":28}},"loc":{"start":{"line":5,"column":37},"end":{"line":5,"column":64}},"line":5},"4":{"name":"(anonymous_4)","decl":{"start":{"line":7,"column":24},"end":{"line":7,"column":25}},"loc":{"start":{"line":7,"column":34},"end":{"line":7,"column":51}},"line":7},"5":{"name":"(anonymous_5)","decl":{"start":{"line":9,"column":35},"end":{"line":9,"column":36}},"loc":{"start":{"line":10,"column":2},"end":{"line":15,"column":8}},"line":10},"6":{"name":"(anonymous_6)","decl":{"start":{"line":10,"column":12},"end":{"line":10,"column":13}},"loc":{"start":{"line":10,"column":42},"end":{"line":15,"column":3}},"line":10},"7":{"name":"(anonymous_7)","decl":{"start":{"line":17,"column":26},"end":{"line":17,"column":27}},"loc":{"start":{"line":18,"column":2},"end":{"line":21,"column":3}},"line":18},"8":{"name":"(anonymous_8)","decl":{"start":{"line":19,"column":4},"end":{"line":19,"column":5}},"loc":{"start":{"line":19,"column":20},"end":{"line":19,"column":50}},"line":19},"9":{"name":"(anonymous_9)","decl":{"start":{"line":23,"column":20},"end":{"line":23,"column":21}},"loc":{"start":{"line":24,"column":2},"end":{"line":24,"column":48}},"line":24},"10":{"name":"(anonymous_10)","decl":{"start":{"line":26,"column":26},"end":{"line":26,"column":27}},"loc":{"start":{"line":27,"column":2},"end":{"line":27,"column":49}},"line":27},"11":{"name":"(anonymous_11)","decl":{"start":{"line":29,"column":41},"end":{"line":29,"column":42}},"loc":{"start":{"line":30,"column":2},"end":{"line":44,"column":10}},"line":30},"12":{"name":"(anonymous_12)","decl":{"start":{"line":31,"column":12},"end":{"line":31,"column":13}},"loc":{"start":{"line":31,"column":33},"end":{"line":44,"column":5}},"line":31},"13":{"name":"(anonymous_13)","decl":{"start":{"line":46,"column":22},"end":{"line":46,"column":23}},"loc":{"start":{"line":46,"column":32},"end":{"line":52,"column":1}},"line":46},"14":{"name":"(anonymous_14)","decl":{"start":{"line":49,"column":4},"end":{"line":49,"column":5}},"loc":{"start":{"line":49,"column":20},"end":{"line":49,"column":38}},"line":49},"15":{"name":"(anonymous_15)","decl":{"start":{"line":54,"column":23},"end":{"line":54,"column":24}},"loc":{"start":{"line":54,"column":45},"end":{"line":61,"column":1}},"line":54}},"branchMap":{"0":{"loc":{"start":{"line":3,"column":30},"end":{"line":3,"column":73}},"type":"binary-expr","locations":[{"start":{"line":3,"column":30},"end":{"line":3,"column":52}},{"start":{"line":3,"column":56},"end":{"line":3,"column":73}}],"line":3},"1":{"loc":{"start":{"line":12,"column":28},"end":{"line":12,"column":54}},"type":"binary-expr","locations":[{"start":{"line":12,"column":28},"end":{"line":12,"column":49}},{"start":{"line":12,"column":53},"end":{"line":12,"column":54}}],"line":12},"2":{"loc":{"start":{"line":24,"column":2},"end":{"line":24,"column":48}},"type":"binary-expr","locations":[{"start":{"line":24,"column":2},"end":{"line":24,"column":23}},{"start":{"line":24,"column":27},"end":{"line":24,"column":48}}],"line":24},"3":{"loc":{"start":{"line":32,"column":6},"end":{"line":41,"column":7}},"type":"if","locations":[{"start":{"line":32,"column":6},"end":{"line":41,"column":7}},{"start":{"line":32,"column":6},"end":{"line":41,"column":7}}],"line":32},"4":{"loc":{"start":{"line":39,"column":10},"end":{"line":40,"column":31}},"type":"binary-expr","locations":[{"start":{"line":39,"column":10},"end":{"line":39,"column":31}},{"start":{"line":40,"column":10},"end":{"line":40,"column":31}}],"line":39}},"s":{"0":1,"1":89,"2":1,"3":72,"4":1,"5":85,"6":1,"7":18,"8":1,"9":71,"10":1,"11":15,"12":69,"13":69,"14":69,"15":69,"16":1,"17":12,"18":22,"19":1,"20":45,"21":1,"22":29,"23":1,"24":9,"25":38,"26":26,"27":12,"28":38,"29":1,"30":9,"31":9,"32":24,"33":1,"34":5,"35":5,"36":5,"37":5,"38":1},"f":{"0":89,"1":72,"2":85,"3":18,"4":71,"5":15,"6":69,"7":12,"8":22,"9":45,"10":29,"11":9,"12":38,"13":9,"14":24,"15":5},"b":{"0":[85,68],"1":[69,39],"2":[45,36],"3":[26,12],"4":[12,6]},"_coverageSchema":"332fd63041d2c1bcb487cc26dd0d5f7d97098a6c","hash":"b2131e7277984dd576499257551cb25c56348e77"}
}
