TN:
SF:/Users/matiasverges/projects/similarto/src/similarto.js
FN:1,(anonymous_0)
FN:2,(anonymous_1)
FN:3,(anonymous_2)
FN:5,(anonymous_3)
FN:7,(anonymous_4)
FN:9,(anonymous_5)
FN:10,(anonymous_6)
FN:17,(anonymous_7)
FN:19,(anonymous_8)
FN:23,(anonymous_9)
FN:26,(anonymous_10)
FN:29,(anonymous_11)
FN:31,(anonymous_12)
FN:46,(anonymous_13)
FN:49,(anonymous_14)
FN:54,(anonymous_15)
FNF:16
FNH:16
FNDA:89,(anonymous_0)
FNDA:72,(anonymous_1)
FNDA:85,(anonymous_2)
FNDA:18,(anonymous_3)
FNDA:71,(anonymous_4)
FNDA:15,(anonymous_5)
FNDA:69,(anonymous_6)
FNDA:12,(anonymous_7)
FNDA:22,(anonymous_8)
FNDA:45,(anonymous_9)
FNDA:29,(anonymous_10)
FNDA:9,(anonymous_11)
FNDA:38,(anonymous_12)
FNDA:9,(anonymous_13)
FNDA:24,(anonymous_14)
FNDA:5,(anonymous_15)
DA:1,89
DA:2,72
DA:3,85
DA:5,18
DA:7,71
DA:9,1
DA:10,15
DA:11,69
DA:12,69
DA:13,69
DA:14,69
DA:17,1
DA:18,12
DA:19,22
DA:23,1
DA:24,45
DA:26,1
DA:27,29
DA:29,1
DA:30,9
DA:32,38
DA:33,26
DA:38,12
DA:43,38
DA:46,1
DA:47,9
DA:48,9
DA:49,24
DA:54,1
DA:55,5
DA:56,5
DA:58,5
DA:60,5
DA:63,1
LF:34
LH:34
BRDA:3,0,0,85
BRDA:3,0,1,68
BRDA:12,1,0,69
BRDA:12,1,1,39
BRDA:24,2,0,45
BRDA:24,2,1,36
BRDA:32,3,0,26
BRDA:32,3,1,12
BRDA:39,4,0,12
BRDA:39,4,1,6
BRF:10
BRH:10
end_of_record
